<?xml version="1.0" encoding="UTF-8"?>
<!-- Generated by org.testng.reporters.JUnitReportReporter -->
<testsuite skipped="0" hostname="DESKTOP-3BHS2BP" name="Rough.Batch1" tests="3" failures="0" timestamp="2021-02-05T19:02:58 CST" time="6.494" errors="0">
  <testcase name="test2" time="2.145" classname="Rough.Batch1"/>
  <system-out/>
  <testcase name="test1" time="2.220" classname="Rough.Batch1"/>
  <system-out/>
  <testcase name="test3" time="2.129" classname="Rough.Batch1"/>
  <system-out/>
</testsuite> <!-- Rough.Batch1 -->
