<?xml version="1.0" encoding="UTF-8"?>
<!-- Generated by org.testng.reporters.JUnitReportReporter -->
<testsuite hostname="DESKTOP-3BHS2BP" failures="0" tests="2" name="Rough.Batch1" time="12.587" errors="0" timestamp="2021-01-31T02:34:41 CST" skipped="0">
  <testcase classname="Rough.Batch1" name="test1" time="6.284"/>
  <system-out/>
  <testcase classname="Rough.Batch1" name="test2" time="6.303"/>
  <system-out/>
</testsuite> <!-- Rough.Batch1 -->
