<?xml version="1.0" encoding="UTF-8"?>
<!-- Generated by org.testng.reporters.JUnitReportReporter -->
<testsuite skipped="0" hostname="DESKTOP-3BHS2BP" name="Rough.Batch1" tests="4" failures="0" timestamp="2021-01-31T15:10:50 CST" time="0.004" errors="0">
  <testcase name="test3" time="0.001" classname="Rough.Batch1"/>
  <system-out/>
  <testcase name="test1" time="0.002" classname="Rough.Batch1"/>
  <system-out/>
  <testcase name="test4" time="0.001" classname="Rough.Batch1"/>
  <system-out/>
  <testcase name="test2" time="0.000" classname="Rough.Batch1"/>
  <system-out/>
</testsuite> <!-- Rough.Batch1 -->
