<?xml version="1.0" encoding="UTF-8"?>
<!-- Generated by org.testng.reporters.JUnitReportReporter -->
<testsuite skipped="0" hostname="DESKTOP-3BHS2BP" name="Rough.Batch1" tests="4" failures="0" timestamp="2021-01-31T14:37:37 CST" time="10.944" errors="0">
  <testcase name="test1" time="3.680" classname="Rough.Batch1"/>
  <system-out/>
  <testcase name="test3" time="2.865" classname="Rough.Batch1"/>
  <system-out/>
  <testcase name="test2" time="2.959" classname="Rough.Batch1"/>
  <system-out/>
  <testcase name="test4" time="1.440" classname="Rough.Batch1"/>
  <system-out/>
</testsuite> <!-- Rough.Batch1 -->
