<?xml version="1.0" encoding="UTF-8"?>
<!-- Generated by org.testng.reporters.JUnitReportReporter -->
<testsuite skipped="0" hostname="DESKTOP-3BHS2BP" name="Rough.Batch1" tests="2" failures="0" timestamp="2021-01-31T03:19:41 CST" time="12.764" errors="0">
  <testcase name="test2" time="6.316" classname="Rough.Batch1"/>
  <system-out/>
  <testcase name="test1" time="6.448" classname="Rough.Batch1"/>
  <system-out/>
</testsuite> <!-- Rough.Batch1 -->
