<?xml version="1.0" encoding="UTF-8"?>
<!-- Generated by org.testng.reporters.JUnitReportReporter -->
<testsuite skipped="0" hostname="DESKTOP-3BHS2BP" name="Tests.rough" tests="3" failures="0" timestamp="2021-02-12T00:12:05 CST" time="31.985" errors="0">
  <testcase name="test3" time="9.609" classname="Tests.rough"/>
  <system-out/>
  <testcase name="test2" time="12.715" classname="Tests.rough"/>
  <system-out/>
  <testcase name="test1" time="9.661" classname="Tests.rough"/>
  <system-out/>
</testsuite> <!-- Tests.rough -->
