<?xml version="1.0" encoding="UTF-8"?>
<!-- Generated by org.testng.reporters.JUnitReportReporter -->
<testsuite skipped="0" hostname="DESKTOP-3BHS2BP" name="Tests.TestCase" tests="2" failures="0" timestamp="2021-02-12T00:12:05 CST" time="19.692" errors="0">
  <testcase name="TaskCreationTest" time="8.367" classname="Tests.TestCase"/>
  <system-out/>
  <testcase name="TaskCreationTest" time="11.325" classname="Tests.TestCase"/>
  <system-out/>
</testsuite> <!-- Tests.TestCase -->
