<?xml version="1.0" encoding="UTF-8"?>
<!-- Generated by org.testng.reporters.JUnitReportReporter -->
<testsuite skipped="0" hostname="DESKTOP-3BHS2BP" name="Tests.TestCase" tests="2" failures="0" timestamp="2021-02-11T19:57:08 CST" time="15.726" errors="0">
  <testcase name="TaskCreationTest" time="8.667" classname="Tests.TestCase"/>
  <system-out/>
  <testcase name="TaskCreationTest" time="7.059" classname="Tests.TestCase"/>
  <system-out/>
</testsuite> <!-- Tests.TestCase -->
